[debug] [2025-05-03T16:25:12.252Z] ----------------------------------------------------------------------
[debug] [2025-05-03T16:25:12.255Z] Command:       C:\Program Files\nodejs\node.exe C:\Users\james\AppData\Roaming\npm\node_modules\firebase-tools\lib\bin\firebase.js init functions
[debug] [2025-05-03T16:25:12.255Z] CLI Version:   14.2.2
[debug] [2025-05-03T16:25:12.255Z] Platform:      win32
[debug] [2025-05-03T16:25:12.255Z] Node Version:  v21.6.1
[debug] [2025-05-03T16:25:12.256Z] Time:          Sat May 03 2025 12:25:12 GMT-0400 (Eastern Daylight Time)
[debug] [2025-05-03T16:25:12.256Z] ----------------------------------------------------------------------
[debug] 
[debug] [2025-05-03T16:25:12.262Z] > command requires scopes: ["email","openid","https://www.googleapis.com/auth/cloudplatformprojects.readonly","https://www.googleapis.com/auth/firebase","https://www.googleapis.com/auth/cloud-platform"]
[debug] [2025-05-03T16:25:12.262Z] > authorizing via signed-in user (jamesmardi475@gmail.com)
[info] 
     ######## #### ########  ######## ########     ###     ######  ########
     ##        ##  ##     ## ##       ##     ##  ##   ##  ##       ##
     ######    ##  ########  ######   ########  #########  ######  ######
     ##        ##  ##    ##  ##       ##     ## ##     ##       ## ##
     ##       #### ##     ## ######## ########  ##     ##  ######  ########

You're about to initialize a Firebase project in this directory:

  C:\Program Files\Ampps\www\Homepage\chat

Before we get started, keep in mind:

  * You are currently outside your home directory

[info] 
=== Project Setup
[info] 
[info] First, let's associate this project directory with a Firebase project.
[info] You can create multiple project aliases by running firebase use --add, 
[info] but for now we'll just set up a default project.
[info] 
[debug] [2025-05-03T16:25:29.717Z] Checked if tokens are valid: false, expires at: 1714498007101
[debug] [2025-05-03T16:25:29.717Z] Checked if tokens are valid: false, expires at: 1714498007101
[debug] [2025-05-03T16:25:29.717Z] > refreshing access token with scopes: []
[debug] [2025-05-03T16:25:29.718Z] >>> [apiv2][query] POST https://www.googleapis.com/oauth2/v3/token [none]
[debug] [2025-05-03T16:25:29.718Z] >>> [apiv2][body] POST https://www.googleapis.com/oauth2/v3/token [omitted]
[debug] [2025-05-03T16:25:29.875Z] <<< [apiv2][status] POST https://www.googleapis.com/oauth2/v3/token 400
[debug] [2025-05-03T16:25:29.875Z] <<< [apiv2][body] POST https://www.googleapis.com/oauth2/v3/token [omitted]
[debug] [2025-05-03T16:25:29.875Z] >>> [apiv2][query] GET https://firebase.googleapis.com/v1beta1/availableProjects pageSize=100
[debug] [2025-05-03T16:25:30.009Z] <<< [apiv2][status] GET https://firebase.googleapis.com/v1beta1/availableProjects 401
[debug] [2025-05-03T16:25:30.009Z] <<< [apiv2][body] GET https://firebase.googleapis.com/v1beta1/availableProjects [omitted]
[debug] [2025-05-03T16:25:30.009Z] Got a 401 Unauthenticated error for a call that required authentication. Refreshing tokens.
[debug] [2025-05-03T16:25:30.009Z] Checked if tokens are valid: false, expires at: 1714498007101
[debug] [2025-05-03T16:25:30.009Z] Checked if tokens are valid: false, expires at: 1714498007101
[debug] [2025-05-03T16:25:30.009Z] > refreshing access token with scopes: []
[debug] [2025-05-03T16:25:30.010Z] >>> [apiv2][query] POST https://www.googleapis.com/oauth2/v3/token [none]
[debug] [2025-05-03T16:25:30.010Z] >>> [apiv2][body] POST https://www.googleapis.com/oauth2/v3/token [omitted]
[debug] [2025-05-03T16:25:30.079Z] <<< [apiv2][status] POST https://www.googleapis.com/oauth2/v3/token 400
[debug] [2025-05-03T16:25:30.079Z] <<< [apiv2][body] POST https://www.googleapis.com/oauth2/v3/token [omitted]
[debug] [2025-05-03T16:25:30.079Z] Request to https://firebase.googleapis.com/v1beta1/availableProjects?pageSize=100 had HTTP Error: 401, Request had invalid authentication credentials. Expected OAuth 2 access token, login cookie or other valid authentication credential. See https://developers.google.com/identity/sign-in/web/devconsole-project.
[debug] [2025-05-03T16:25:30.120Z] FirebaseError: Request to https://firebase.googleapis.com/v1beta1/availableProjects?pageSize=100 had HTTP Error: 401, Request had invalid authentication credentials. Expected OAuth 2 access token, login cookie or other valid authentication credential. See https://developers.google.com/identity/sign-in/web/devconsole-project.
    at responseToError (C:\Users\james\AppData\Roaming\npm\node_modules\firebase-tools\lib\responseToError.js:52:12)
    at RetryOperation._fn (C:\Users\james\AppData\Roaming\npm\node_modules\firebase-tools\lib\apiv2.js:312:77)
    at process.processTicksAndRejections (node:internal/process/task_queues:95:5)
[error] 
[error] Error: Failed to list available Google Cloud Platform projects. See firebase-debug.log for more info.
